\BOOKMARK [0][-]{chapter.1}{Einleitung}{}% 1
\BOOKMARK [0][-]{chapter.2}{Aufgabenstellung}{}% 2
\BOOKMARK [1][-]{section.2.1}{Module}{chapter.2}% 3
\BOOKMARK [1][-]{section.2.2}{Laufzeit}{chapter.2}% 4
\BOOKMARK [1][-]{section.2.3}{Hardware}{chapter.2}% 5
\BOOKMARK [1][-]{section.2.4}{Betriebssystem}{chapter.2}% 6
\BOOKMARK [1][-]{section.2.5}{Logbuch}{chapter.2}% 7
\BOOKMARK [1][-]{section.2.6}{Programminstanzen}{chapter.2}% 8
\BOOKMARK [1][-]{section.2.7}{Master / Slave}{chapter.2}% 9
\BOOKMARK [2][-]{subsection.2.7.1}{Master-Funktion}{section.2.7}% 10
\BOOKMARK [2][-]{subsection.2.7.2}{Slave-Funktion}{section.2.7}% 11
\BOOKMARK [2][-]{subsection.2.7.3}{Master / Slave Kombination mit Kurzschlussstecker}{section.2.7}% 12
\BOOKMARK [2][-]{subsection.2.7.4}{Master / Slave Ablauf mit \214Wobbeln\215-Funktion}{section.2.7}% 13
\BOOKMARK [2][-]{subsection.2.7.5}{Synchronisierungsprotokoll}{section.2.7}% 14
\BOOKMARK [1][-]{section.2.8}{Teststruktur}{chapter.2}% 15
\BOOKMARK [1][-]{section.2.9}{Benutzerschnittstelle}{chapter.2}% 16
\BOOKMARK [2][-]{subsection.2.9.1}{GUI}{section.2.9}% 17
\BOOKMARK [2][-]{subsection.2.9.2}{Kommandozeile}{section.2.9}% 18
\BOOKMARK [1][-]{section.2.10}{Skriptf\344higkeit}{chapter.2}% 19
\BOOKMARK [1][-]{section.2.11}{Programmierung der Testparameter}{chapter.2}% 20
\BOOKMARK [2][-]{subsection.2.11.1}{Schnittstellenoptionen zu Test}{section.2.11}% 21
\BOOKMARK [2][-]{subsection.2.11.2}{Sendedaten aus Datei}{section.2.11}% 22
\BOOKMARK [1][-]{section.2.12}{Fehlererkennung und Behandlung}{chapter.2}% 23
\BOOKMARK [1][-]{section.2.13}{NEUE ANFORDERUNGEN}{chapter.2}% 24
\BOOKMARK [0][-]{chapter.3}{Fachlichesumfeld}{}% 25
\BOOKMARK [1][-]{section.3.1}{RS-232 \(Radio Sector 232\)}{chapter.3}% 26
\BOOKMARK [2][-]{subsection.3.1.1}{Definition}{section.3.1}% 27
\BOOKMARK [2][-]{subsection.3.1.2}{\334bertragung}{section.3.1}% 28
\BOOKMARK [2][-]{subsection.3.1.3}{UART}{section.3.1}% 29
\BOOKMARK [2][-]{subsection.3.1.4}{Parit\344tsbit}{section.3.1}% 30
\BOOKMARK [2][-]{subsection.3.1.5}{Leitungen und Stecker}{section.3.1}% 31
\BOOKMARK [2][-]{subsection.3.1.6}{RS-232 in Wincor Nixdorf}{section.3.1}% 32
\BOOKMARK [1][-]{section.3.2}{Microsoft Windows API}{chapter.3}% 33
\BOOKMARK [2][-]{subsection.3.2.1}{Definition}{section.3.2}% 34
\BOOKMARK [2][-]{subsection.3.2.2}{Windows.h}{section.3.2}% 35
\BOOKMARK [2][-]{subsection.3.2.3}{WinMain}{section.3.2}% 36
\BOOKMARK [2][-]{subsection.3.2.4}{Graphic User Interface \(GUI\)}{section.3.2}% 37
\BOOKMARK [2][-]{subsection.3.2.5}{Aufbau einer GUI}{section.3.2}% 38
\BOOKMARK [2][-]{subsection.3.2.6}{Die RS-232 Schnittstelle und die Windows API}{section.3.2}% 39
\BOOKMARK [0][-]{chapter.4}{L\366sungsans\344tze}{}% 40
\BOOKMARK [1][-]{section.4.1}{Fehlererkennung}{chapter.4}% 41
\BOOKMARK [1][-]{section.4.2}{Master Slave Modus zwischen zwei Systeme}{chapter.4}% 42
\BOOKMARK [1][-]{section.4.3}{C++ und die GUI}{chapter.4}% 43
\BOOKMARK [0][-]{chapter.5}{Systementwurf}{}% 44
\BOOKMARK [1][-]{section.5.1}{Klasse Window}{chapter.5}% 45
\BOOKMARK [2][-]{subsection.5.1.1}{Design}{section.5.1}% 46
\BOOKMARK [2][-]{subsection.5.1.2}{Aufbau}{section.5.1}% 47
\BOOKMARK [1][-]{section.5.2}{Klasse Interpreter}{chapter.5}% 48
\BOOKMARK [2][-]{subsection.5.2.1}{}{section.5.2}% 49
\BOOKMARK [1][-]{section.5.3}{Struktur TestStruct}{chapter.5}% 50
\BOOKMARK [2][-]{subsection.5.3.1}{}{section.5.3}% 51
\BOOKMARK [1][-]{section.5.4}{Klasse Com}{chapter.5}% 52
\BOOKMARK [2][-]{subsection.5.4.1}{}{section.5.4}% 53
\BOOKMARK [1][-]{section.5.5}{Klasse PortCommunications}{chapter.5}% 54
\BOOKMARK [2][-]{subsection.5.5.1}{}{section.5.5}% 55
\BOOKMARK [1][-]{section.5.6}{Klasse TestManager}{chapter.5}% 56
\BOOKMARK [2][-]{subsection.5.6.1}{}{section.5.6}% 57
\BOOKMARK [1][-]{section.5.7}{Klasse FixedTest}{chapter.5}% 58
\BOOKMARK [2][-]{subsection.5.7.1}{}{section.5.7}% 59
\BOOKMARK [1][-]{section.5.8}{Klasse IniFileHandler}{chapter.5}% 60
\BOOKMARK [2][-]{subsection.5.8.1}{}{section.5.8}% 61
\BOOKMARK [1][-]{section.5.9}{Klasse Logger}{chapter.5}% 62
\BOOKMARK [2][-]{subsection.5.9.1}{}{section.5.9}% 63
\BOOKMARK [1][-]{section.5.10}{Klasse Tools}{chapter.5}% 64
\BOOKMARK [2][-]{subsection.5.10.1}{}{section.5.10}% 65
\BOOKMARK [1][-]{section.5.11}{Klasse TransferFileHandler}{chapter.5}% 66
\BOOKMARK [2][-]{subsection.5.11.1}{}{section.5.11}% 67
\BOOKMARK [0][-]{chapter.6}{Realisierung}{}% 68
\BOOKMARK [0][-]{chapter.7}{Bedienungsanleitung}{}% 69
\BOOKMARK [1][-]{section.7.1}{Bedienung \374ber die GUI}{chapter.7}% 70
\BOOKMARK [1][-]{section.7.2}{Bedienung \374ber die Kommandozeile}{chapter.7}% 71
\BOOKMARK [1][-]{section.7.3}{Testmodus}{chapter.7}% 72
\BOOKMARK [2][-]{subsection.7.3.1}{Automatic}{section.7.3}% 73
\BOOKMARK [2][-]{subsection.7.3.2}{Wobble}{section.7.3}% 74
\BOOKMARK [2][-]{subsection.7.3.3}{Fixed}{section.7.3}% 75
\BOOKMARK [1][-]{section.7.4}{\334bertragungsmodus}{chapter.7}% 76
\BOOKMARK [2][-]{subsection.7.4.1}{Shorted}{section.7.4}% 77
\BOOKMARK [2][-]{subsection.7.4.2}{Double}{section.7.4}% 78
\BOOKMARK [2][-]{subsection.7.4.3}{Master}{section.7.4}% 79
\BOOKMARK [2][-]{subsection.7.4.4}{Slave}{section.7.4}% 80
\BOOKMARK [1][-]{section.7.5}{Schnittstelleneigenschaften}{chapter.7}% 81
\BOOKMARK [1][-]{section.7.6}{Sendedaten}{chapter.7}% 82
\BOOKMARK [1][-]{section.7.7}{Logger}{chapter.7}% 83
\BOOKMARK [1][-]{section.7.8}{Wiederholz\344hler}{chapter.7}% 84
\BOOKMARK [1][-]{section.7.9}{Beim ersten Fehler anhalten}{chapter.7}% 85
\BOOKMARK [1][-]{section.7.10}{Buttons}{chapter.7}% 86
\BOOKMARK [1][-]{section.7.11}{Testdatei}{chapter.7}% 87
\BOOKMARK [1][-]{section.7.12}{Einfaches Beispiel}{chapter.7}% 88
\BOOKMARK [0][-]{chapter.8}{Zusammenfassung und Ausblick}{}% 89
\BOOKMARK [0][-]{appendix.A}{Anhang}{}% 90
